{"/Users/acastegui/Desktop/Code the Dream/CDT projects/node-homework/app.js": {"path":"/Users/acastegui/Desktop/Code the Dream/CDT projects/node-homework/app.js","statementMap":{"0":{"start":{"line":1,"column":16},"end":{"line":1,"column":34}},"1":{"start":{"line":2,"column":21},"end":{"line":2,"column":45}},"2":{"start":{"line":3,"column":15},"end":{"line":3,"column":32}},"3":{"start":{"line":4,"column":16},"end":{"line":4,"column":48}},"4":{"start":{"line":5,"column":20},"end":{"line":5,"column":49}},"5":{"start":{"line":7,"column":19},"end":{"line":7,"column":49}},"6":{"start":{"line":8,"column":24},"end":{"line":8,"column":59}},"7":{"start":{"line":9,"column":17},"end":{"line":9,"column":50}},"8":{"start":{"line":10,"column":21},"end":{"line":10,"column":58}},"9":{"start":{"line":11,"column":22},"end":{"line":11,"column":59}},"10":{"start":{"line":12,"column":19},"end":{"line":12,"column":49}},"11":{"start":{"line":13,"column":15},"end":{"line":13,"column":37}},"12":{"start":{"line":15,"column":12},"end":{"line":15,"column":21}},"13":{"start":{"line":17,"column":0},"end":{"line":17,"column":25}},"14":{"start":{"line":19,"column":0},"end":{"line":26,"column":1}},"15":{"start":{"line":20,"column":0},"end":{"line":25,"column":2}},"16":{"start":{"line":28,"column":0},"end":{"line":28,"column":18}},"17":{"start":{"line":30,"column":0},"end":{"line":30,"column":24}},"18":{"start":{"line":31,"column":0},"end":{"line":31,"column":24}},"19":{"start":{"line":33,"column":0},"end":{"line":33,"column":15}},"20":{"start":{"line":35,"column":0},"end":{"line":42,"column":3}},"21":{"start":{"line":36,"column":4},"end":{"line":41,"column":5}},"22":{"start":{"line":37,"column":8},"end":{"line":37,"column":41}},"23":{"start":{"line":38,"column":8},"end":{"line":38,"column":51}},"24":{"start":{"line":40,"column":8},"end":{"line":40,"column":92}},"25":{"start":{"line":44,"column":0},"end":{"line":44,"column":34}},"26":{"start":{"line":45,"column":0},"end":{"line":45,"column":49}},"27":{"start":{"line":46,"column":0},"end":{"line":46,"column":58}},"28":{"start":{"line":48,"column":0},"end":{"line":48,"column":18}},"29":{"start":{"line":49,"column":0},"end":{"line":49,"column":22}},"30":{"start":{"line":51,"column":13},"end":{"line":51,"column":37}},"31":{"start":{"line":52,"column":15},"end":{"line":54,"column":2}},"32":{"start":{"line":53,"column":4},"end":{"line":53,"column":58}},"33":{"start":{"line":56,"column":21},"end":{"line":56,"column":26}},"34":{"start":{"line":58,"column":17},"end":{"line":70,"column":1}},"35":{"start":{"line":59,"column":4},"end":{"line":59,"column":31}},"36":{"start":{"line":59,"column":24},"end":{"line":59,"column":31}},"37":{"start":{"line":60,"column":4},"end":{"line":60,"column":26}},"38":{"start":{"line":62,"column":4},"end":{"line":62,"column":43}},"39":{"start":{"line":63,"column":4},"end":{"line":69,"column":7}},"40":{"start":{"line":65,"column":8},"end":{"line":65,"column":35}},"41":{"start":{"line":66,"column":8},"end":{"line":66,"column":43}},"42":{"start":{"line":67,"column":8},"end":{"line":67,"column":38}},"43":{"start":{"line":68,"column":8},"end":{"line":68,"column":24}},"44":{"start":{"line":72,"column":0},"end":{"line":72,"column":32}},"45":{"start":{"line":73,"column":0},"end":{"line":73,"column":31}},"46":{"start":{"line":75,"column":0},"end":{"line":75,"column":33}}},"fnMap":{"0":{"name":"(anonymous_0)","decl":{"start":{"line":35,"column":19},"end":{"line":35,"column":20}},"loc":{"start":{"line":35,"column":39},"end":{"line":42,"column":1}},"line":35},"1":{"name":"(anonymous_1)","decl":{"start":{"line":52,"column":32},"end":{"line":52,"column":33}},"loc":{"start":{"line":52,"column":38},"end":{"line":54,"column":1}},"line":52},"2":{"name":"(anonymous_2)","decl":{"start":{"line":58,"column":17},"end":{"line":58,"column":18}},"loc":{"start":{"line":58,"column":29},"end":{"line":70,"column":1}},"line":58},"3":{"name":"(anonymous_3)","decl":{"start":{"line":63,"column":17},"end":{"line":63,"column":18}},"loc":{"start":{"line":63,"column":29},"end":{"line":69,"column":5}},"line":63}},"branchMap":{"0":{"loc":{"start":{"line":19,"column":0},"end":{"line":26,"column":1}},"type":"if","locations":[{"start":{"line":19,"column":0},"end":{"line":26,"column":1}},{"start":{},"end":{}}],"line":19},"1":{"loc":{"start":{"line":51,"column":13},"end":{"line":51,"column":37}},"type":"binary-expr","locations":[{"start":{"line":51,"column":13},"end":{"line":51,"column":29}},{"start":{"line":51,"column":33},"end":{"line":51,"column":37}}],"line":51},"2":{"loc":{"start":{"line":59,"column":4},"end":{"line":59,"column":31}},"type":"if","locations":[{"start":{"line":59,"column":4},"end":{"line":59,"column":31}},{"start":{},"end":{}}],"line":59}},"s":{"0":1,"1":1,"2":1,"3":1,"4":1,"5":1,"6":1,"7":1,"8":1,"9":1,"10":1,"11":1,"12":1,"13":1,"14":1,"15":0,"16":1,"17":1,"18":1,"19":1,"20":1,"21":0,"22":0,"23":0,"24":0,"25":1,"26":1,"27":1,"28":1,"29":1,"30":1,"31":1,"32":1,"33":1,"34":1,"35":0,"36":0,"37":0,"38":0,"39":0,"40":0,"41":0,"42":0,"43":0,"44":1,"45":1,"46":1},"f":{"0":0,"1":1,"2":0,"3":0},"b":{"0":[0,1],"1":[1,1],"2":[0,0]},"_coverageSchema":"1a1c01bbd47fc00a2c39e90264f33305004495a9","hash":"25ef48650864c05dc6eeca67decf07b31c4a63b3"}
,"/Users/acastegui/Desktop/Code the Dream/CDT projects/node-homework/controllers/analyticsController.js": {"path":"/Users/acastegui/Desktop/Code the Dream/CDT projects/node-homework/controllers/analyticsController.js","statementMap":{"0":{"start":{"line":1,"column":15},"end":{"line":1,"column":38}},"1":{"start":{"line":3,"column":25},"end":{"line":64,"column":1}},"2":{"start":{"line":4,"column":4},"end":{"line":63,"column":5}},"3":{"start":{"line":5,"column":23},"end":{"line":5,"column":46}},"4":{"start":{"line":7,"column":8},"end":{"line":9,"column":9}},"5":{"start":{"line":8,"column":12},"end":{"line":8,"column":69}},"6":{"start":{"line":11,"column":21},"end":{"line":13,"column":10}},"7":{"start":{"line":15,"column":8},"end":{"line":17,"column":9}},"8":{"start":{"line":16,"column":12},"end":{"line":16,"column":68}},"9":{"start":{"line":19,"column":26},"end":{"line":23,"column":10}},"10":{"start":{"line":25,"column":28},"end":{"line":42,"column":10}},"11":{"start":{"line":44,"column":27},"end":{"line":44,"column":37}},"12":{"start":{"line":45,"column":8},"end":{"line":45,"column":52}},"13":{"start":{"line":47,"column":31},"end":{"line":54,"column":10}},"14":{"start":{"line":56,"column":8},"end":{"line":60,"column":11}},"15":{"start":{"line":62,"column":8},"end":{"line":62,"column":25}},"16":{"start":{"line":66,"column":26},"end":{"line":122,"column":1}},"17":{"start":{"line":67,"column":4},"end":{"line":121,"column":5}},"18":{"start":{"line":68,"column":21},"end":{"line":68,"column":50}},"19":{"start":{"line":69,"column":22},"end":{"line":69,"column":53}},"20":{"start":{"line":71,"column":8},"end":{"line":73,"column":9}},"21":{"start":{"line":72,"column":12},"end":{"line":72,"column":83}},"22":{"start":{"line":75,"column":21},"end":{"line":75,"column":39}},"23":{"start":{"line":78,"column":25},"end":{"line":92,"column":10}},"24":{"start":{"line":94,"column":22},"end":{"line":101,"column":11}},"25":{"start":{"line":94,"column":46},"end":{"line":101,"column":9}},"26":{"start":{"line":103,"column":27},"end":{"line":103,"column":52}},"27":{"start":{"line":105,"column":27},"end":{"line":112,"column":9}},"28":{"start":{"line":114,"column":8},"end":{"line":118,"column":11}},"29":{"start":{"line":120,"column":8},"end":{"line":120,"column":25}},"30":{"start":{"line":126,"column":20},"end":{"line":155,"column":1}},"31":{"start":{"line":127,"column":4},"end":{"line":154,"column":5}},"32":{"start":{"line":128,"column":28},"end":{"line":128,"column":39}},"33":{"start":{"line":130,"column":8},"end":{"line":134,"column":9}},"34":{"start":{"line":131,"column":12},"end":{"line":133,"column":15}},"35":{"start":{"line":136,"column":22},"end":{"line":136,"column":53}},"36":{"start":{"line":138,"column":30},"end":{"line":138,"column":48}},"37":{"start":{"line":139,"column":27},"end":{"line":139,"column":38}},"38":{"start":{"line":140,"column":27},"end":{"line":140,"column":44}},"39":{"start":{"line":142,"column":30},"end":{"line":145,"column":63}},"40":{"start":{"line":147,"column":8},"end":{"line":151,"column":11}},"41":{"start":{"line":153,"column":8},"end":{"line":153,"column":25}},"42":{"start":{"line":157,"column":0},"end":{"line":161,"column":2}}},"fnMap":{"0":{"name":"(anonymous_0)","decl":{"start":{"line":3,"column":25},"end":{"line":3,"column":26}},"loc":{"start":{"line":3,"column":51},"end":{"line":64,"column":1}},"line":3},"1":{"name":"(anonymous_1)","decl":{"start":{"line":66,"column":26},"end":{"line":66,"column":27}},"loc":{"start":{"line":66,"column":52},"end":{"line":122,"column":1}},"line":66},"2":{"name":"(anonymous_2)","decl":{"start":{"line":94,"column":35},"end":{"line":94,"column":36}},"loc":{"start":{"line":94,"column":46},"end":{"line":101,"column":9}},"line":94},"3":{"name":"(anonymous_3)","decl":{"start":{"line":126,"column":20},"end":{"line":126,"column":21}},"loc":{"start":{"line":126,"column":46},"end":{"line":155,"column":1}},"line":126}},"branchMap":{"0":{"loc":{"start":{"line":7,"column":8},"end":{"line":9,"column":9}},"type":"if","locations":[{"start":{"line":7,"column":8},"end":{"line":9,"column":9}},{"start":{},"end":{}}],"line":7},"1":{"loc":{"start":{"line":15,"column":8},"end":{"line":17,"column":9}},"type":"if","locations":[{"start":{"line":15,"column":8},"end":{"line":17,"column":9}},{"start":{},"end":{}}],"line":15},"2":{"loc":{"start":{"line":68,"column":21},"end":{"line":68,"column":50}},"type":"binary-expr","locations":[{"start":{"line":68,"column":21},"end":{"line":68,"column":45}},{"start":{"line":68,"column":49},"end":{"line":68,"column":50}}],"line":68},"3":{"loc":{"start":{"line":69,"column":22},"end":{"line":69,"column":53}},"type":"binary-expr","locations":[{"start":{"line":69,"column":22},"end":{"line":69,"column":47}},{"start":{"line":69,"column":51},"end":{"line":69,"column":53}}],"line":69},"4":{"loc":{"start":{"line":71,"column":8},"end":{"line":73,"column":9}},"type":"if","locations":[{"start":{"line":71,"column":8},"end":{"line":73,"column":9}},{"start":{},"end":{}}],"line":71},"5":{"loc":{"start":{"line":71,"column":12},"end":{"line":71,"column":48}},"type":"binary-expr","locations":[{"start":{"line":71,"column":12},"end":{"line":71,"column":20}},{"start":{"line":71,"column":24},"end":{"line":71,"column":33}},{"start":{"line":71,"column":37},"end":{"line":71,"column":48}}],"line":71},"6":{"loc":{"start":{"line":130,"column":8},"end":{"line":134,"column":9}},"type":"if","locations":[{"start":{"line":130,"column":8},"end":{"line":134,"column":9}},{"start":{},"end":{}}],"line":130},"7":{"loc":{"start":{"line":130,"column":12},"end":{"line":130,"column":57}},"type":"binary-expr","locations":[{"start":{"line":130,"column":12},"end":{"line":130,"column":24}},{"start":{"line":130,"column":28},"end":{"line":130,"column":57}}],"line":130},"8":{"loc":{"start":{"line":136,"column":22},"end":{"line":136,"column":53}},"type":"binary-expr","locations":[{"start":{"line":136,"column":22},"end":{"line":136,"column":47}},{"start":{"line":136,"column":51},"end":{"line":136,"column":53}}],"line":136}},"s":{"0":1,"1":1,"2":0,"3":0,"4":0,"5":0,"6":0,"7":0,"8":0,"9":0,"10":0,"11":0,"12":0,"13":0,"14":0,"15":0,"16":1,"17":0,"18":0,"19":0,"20":0,"21":0,"22":0,"23":0,"24":0,"25":0,"26":0,"27":0,"28":0,"29":0,"30":1,"31":0,"32":0,"33":0,"34":0,"35":0,"36":0,"37":0,"38":0,"39":0,"40":0,"41":0,"42":1},"f":{"0":0,"1":0,"2":0,"3":0},"b":{"0":[0,0],"1":[0,0],"2":[0,0],"3":[0,0],"4":[0,0],"5":[0,0,0],"6":[0,0],"7":[0,0],"8":[0,0]},"_coverageSchema":"1a1c01bbd47fc00a2c39e90264f33305004495a9","hash":"bc6b1f74f91f7f3122d09261eeb7738280756493"}
,"/Users/acastegui/Desktop/Code the Dream/CDT projects/node-homework/controllers/taskController.js": {"path":"/Users/acastegui/Desktop/Code the Dream/CDT projects/node-homework/controllers/taskController.js","statementMap":{"0":{"start":{"line":1,"column":15},"end":{"line":1,"column":38}},"1":{"start":{"line":2,"column":40},"end":{"line":2,"column":75}},"2":{"start":{"line":6,"column":15},"end":{"line":33,"column":1}},"3":{"start":{"line":7,"column":29},"end":{"line":7,"column":86}},"4":{"start":{"line":8,"column":4},"end":{"line":10,"column":5}},"5":{"start":{"line":9,"column":8},"end":{"line":9,"column":63}},"6":{"start":{"line":12,"column":4},"end":{"line":32,"column":5}},"7":{"start":{"line":13,"column":28},"end":{"line":13,"column":76}},"8":{"start":{"line":15,"column":21},"end":{"line":28,"column":10}},"9":{"start":{"line":29,"column":8},"end":{"line":29,"column":42}},"10":{"start":{"line":31,"column":8},"end":{"line":31,"column":25}},"11":{"start":{"line":36,"column":19},"end":{"line":78,"column":1}},"12":{"start":{"line":37,"column":22},"end":{"line":37,"column":36}},"13":{"start":{"line":39,"column":4},"end":{"line":43,"column":5}},"14":{"start":{"line":40,"column":8},"end":{"line":42,"column":11}},"15":{"start":{"line":44,"column":23},"end":{"line":44,"column":25}},"16":{"start":{"line":45,"column":4},"end":{"line":62,"column":5}},"17":{"start":{"line":46,"column":33},"end":{"line":46,"column":81}},"18":{"start":{"line":47,"column":8},"end":{"line":52,"column":9}},"19":{"start":{"line":48,"column":12},"end":{"line":51,"column":15}},"20":{"start":{"line":54,"column":28},"end":{"line":54,"column":76}},"21":{"start":{"line":56,"column":8},"end":{"line":61,"column":11}},"22":{"start":{"line":64,"column":4},"end":{"line":77,"column":5}},"23":{"start":{"line":65,"column":23},"end":{"line":68,"column":10}},"24":{"start":{"line":70,"column":8},"end":{"line":74,"column":11}},"25":{"start":{"line":76,"column":8},"end":{"line":76,"column":25}},"26":{"start":{"line":83,"column":19},"end":{"line":92,"column":1}},"27":{"start":{"line":84,"column":28},"end":{"line":84,"column":83}},"28":{"start":{"line":85,"column":19},"end":{"line":85,"column":46}},"29":{"start":{"line":86,"column":26},"end":{"line":86,"column":72}},"30":{"start":{"line":88,"column":4},"end":{"line":90,"column":5}},"31":{"start":{"line":89,"column":4},"end":{"line":89,"column":39}},"32":{"start":{"line":91,"column":4},"end":{"line":91,"column":32}},"33":{"start":{"line":95,"column":14},"end":{"line":178,"column":1}},"34":{"start":{"line":96,"column":0},"end":{"line":177,"column":1}},"35":{"start":{"line":98,"column":54},"end":{"line":98,"column":63}},"36":{"start":{"line":100,"column":17},"end":{"line":100,"column":46}},"37":{"start":{"line":101,"column":18},"end":{"line":101,"column":49}},"38":{"start":{"line":103,"column":4},"end":{"line":105,"column":5}},"39":{"start":{"line":104,"column":8},"end":{"line":104,"column":79}},"40":{"start":{"line":107,"column":17},"end":{"line":107,"column":35}},"41":{"start":{"line":109,"column":24},"end":{"line":111,"column":5}},"42":{"start":{"line":113,"column":4},"end":{"line":118,"column":5}},"43":{"start":{"line":114,"column":8},"end":{"line":117,"column":10}},"44":{"start":{"line":120,"column":4},"end":{"line":122,"column":5}},"45":{"start":{"line":121,"column":8},"end":{"line":121,"column":57}},"46":{"start":{"line":124,"column":4},"end":{"line":132,"column":5}},"47":{"start":{"line":125,"column":8},"end":{"line":125,"column":35}},"48":{"start":{"line":126,"column":8},"end":{"line":128,"column":9}},"49":{"start":{"line":127,"column":12},"end":{"line":127,"column":59}},"50":{"start":{"line":129,"column":8},"end":{"line":131,"column":9}},"51":{"start":{"line":130,"column":12},"end":{"line":130,"column":59}},"52":{"start":{"line":134,"column":18},"end":{"line":152,"column":6}},"53":{"start":{"line":154,"column":4},"end":{"line":156,"column":5}},"54":{"start":{"line":155,"column":8},"end":{"line":155,"column":66}},"55":{"start":{"line":158,"column":23},"end":{"line":160,"column":6}},"56":{"start":{"line":162,"column":23},"end":{"line":169,"column":5}},"57":{"start":{"line":171,"column":4},"end":{"line":174,"column":7}},"58":{"start":{"line":176,"column":4},"end":{"line":176,"column":21}},"59":{"start":{"line":181,"column":13},"end":{"line":219,"column":1}},"60":{"start":{"line":182,"column":19},"end":{"line":182,"column":43}},"61":{"start":{"line":183,"column":4},"end":{"line":185,"column":5}},"62":{"start":{"line":184,"column":8},"end":{"line":184,"column":84}},"63":{"start":{"line":186,"column":4},"end":{"line":218,"column":5}},"64":{"start":{"line":187,"column":21},"end":{"line":207,"column":10}},"65":{"start":{"line":208,"column":8},"end":{"line":210,"column":9}},"66":{"start":{"line":209,"column":12},"end":{"line":209,"column":79}},"67":{"start":{"line":212,"column":8},"end":{"line":212,"column":42}},"68":{"start":{"line":214,"column":8},"end":{"line":216,"column":9}},"69":{"start":{"line":215,"column":12},"end":{"line":215,"column":79}},"70":{"start":{"line":217,"column":8},"end":{"line":217,"column":25}},"71":{"start":{"line":222,"column":15},"end":{"line":258,"column":1}},"72":{"start":{"line":223,"column":19},"end":{"line":223,"column":43}},"73":{"start":{"line":224,"column":4},"end":{"line":226,"column":5}},"74":{"start":{"line":225,"column":8},"end":{"line":225,"column":83}},"75":{"start":{"line":227,"column":29},"end":{"line":227,"column":92}},"76":{"start":{"line":228,"column":4},"end":{"line":230,"column":5}},"77":{"start":{"line":229,"column":8},"end":{"line":229,"column":62}},"78":{"start":{"line":231,"column":4},"end":{"line":233,"column":5}},"79":{"start":{"line":232,"column":8},"end":{"line":232,"column":81}},"80":{"start":{"line":234,"column":4},"end":{"line":257,"column":5}},"81":{"start":{"line":235,"column":28},"end":{"line":249,"column":10}},"82":{"start":{"line":251,"column":8},"end":{"line":251,"column":49}},"83":{"start":{"line":253,"column":8},"end":{"line":255,"column":9}},"84":{"start":{"line":254,"column":12},"end":{"line":254,"column":80}},"85":{"start":{"line":256,"column":8},"end":{"line":256,"column":25}},"86":{"start":{"line":261,"column":19},"end":{"line":287,"column":1}},"87":{"start":{"line":262,"column":19},"end":{"line":262,"column":43}},"88":{"start":{"line":263,"column":4},"end":{"line":265,"column":5}},"89":{"start":{"line":264,"column":8},"end":{"line":264,"column":84}},"90":{"start":{"line":266,"column":4},"end":{"line":286,"column":5}},"91":{"start":{"line":267,"column":28},"end":{"line":279,"column":10}},"92":{"start":{"line":280,"column":8},"end":{"line":280,"column":49}},"93":{"start":{"line":282,"column":8},"end":{"line":284,"column":9}},"94":{"start":{"line":283,"column":12},"end":{"line":283,"column":80}},"95":{"start":{"line":285,"column":8},"end":{"line":285,"column":25}},"96":{"start":{"line":289,"column":0},"end":{"line":296,"column":2}}},"fnMap":{"0":{"name":"(anonymous_0)","decl":{"start":{"line":6,"column":15},"end":{"line":6,"column":16}},"loc":{"start":{"line":6,"column":41},"end":{"line":33,"column":1}},"line":6},"1":{"name":"(anonymous_1)","decl":{"start":{"line":36,"column":19},"end":{"line":36,"column":20}},"loc":{"start":{"line":36,"column":45},"end":{"line":78,"column":1}},"line":36},"2":{"name":"(anonymous_2)","decl":{"start":{"line":83,"column":19},"end":{"line":83,"column":20}},"loc":{"start":{"line":83,"column":30},"end":{"line":92,"column":1}},"line":83},"3":{"name":"(anonymous_3)","decl":{"start":{"line":95,"column":14},"end":{"line":95,"column":15}},"loc":{"start":{"line":95,"column":40},"end":{"line":178,"column":1}},"line":95},"4":{"name":"(anonymous_4)","decl":{"start":{"line":181,"column":13},"end":{"line":181,"column":14}},"loc":{"start":{"line":181,"column":39},"end":{"line":219,"column":1}},"line":181},"5":{"name":"(anonymous_5)","decl":{"start":{"line":222,"column":15},"end":{"line":222,"column":16}},"loc":{"start":{"line":222,"column":41},"end":{"line":258,"column":1}},"line":222},"6":{"name":"(anonymous_6)","decl":{"start":{"line":261,"column":19},"end":{"line":261,"column":20}},"loc":{"start":{"line":261,"column":45},"end":{"line":287,"column":1}},"line":261}},"branchMap":{"0":{"loc":{"start":{"line":7,"column":49},"end":{"line":7,"column":63}},"type":"binary-expr","locations":[{"start":{"line":7,"column":49},"end":{"line":7,"column":57}},{"start":{"line":7,"column":61},"end":{"line":7,"column":63}}],"line":7},"1":{"loc":{"start":{"line":8,"column":4},"end":{"line":10,"column":5}},"type":"if","locations":[{"start":{"line":8,"column":4},"end":{"line":10,"column":5}},{"start":{},"end":{}}],"line":8},"2":{"loc":{"start":{"line":13,"column":28},"end":{"line":13,"column":76}},"type":"binary-expr","locations":[{"start":{"line":13,"column":28},"end":{"line":13,"column":45}},{"start":{"line":13,"column":49},"end":{"line":13,"column":67}},{"start":{"line":13,"column":71},"end":{"line":13,"column":76}}],"line":13},"3":{"loc":{"start":{"line":37,"column":22},"end":{"line":37,"column":36}},"type":"binary-expr","locations":[{"start":{"line":37,"column":22},"end":{"line":37,"column":30}},{"start":{"line":37,"column":34},"end":{"line":37,"column":36}}],"line":37},"4":{"loc":{"start":{"line":39,"column":4},"end":{"line":43,"column":5}},"type":"if","locations":[{"start":{"line":39,"column":4},"end":{"line":43,"column":5}},{"start":{},"end":{}}],"line":39},"5":{"loc":{"start":{"line":39,"column":8},"end":{"line":39,"column":61}},"type":"binary-expr","locations":[{"start":{"line":39,"column":8},"end":{"line":39,"column":14}},{"start":{"line":39,"column":18},"end":{"line":39,"column":39}},{"start":{"line":39,"column":43},"end":{"line":39,"column":61}}],"line":39},"6":{"loc":{"start":{"line":47,"column":8},"end":{"line":52,"column":9}},"type":"if","locations":[{"start":{"line":47,"column":8},"end":{"line":52,"column":9}},{"start":{},"end":{}}],"line":47},"7":{"loc":{"start":{"line":54,"column":28},"end":{"line":54,"column":76}},"type":"binary-expr","locations":[{"start":{"line":54,"column":28},"end":{"line":54,"column":45}},{"start":{"line":54,"column":49},"end":{"line":54,"column":67}},{"start":{"line":54,"column":71},"end":{"line":54,"column":76}}],"line":54},"8":{"loc":{"start":{"line":59,"column":22},"end":{"line":59,"column":48}},"type":"binary-expr","locations":[{"start":{"line":59,"column":22},"end":{"line":59,"column":36}},{"start":{"line":59,"column":40},"end":{"line":59,"column":48}}],"line":59},"9":{"loc":{"start":{"line":85,"column":19},"end":{"line":85,"column":46}},"type":"binary-expr","locations":[{"start":{"line":85,"column":19},"end":{"line":85,"column":31}},{"start":{"line":85,"column":35},"end":{"line":85,"column":46}}],"line":85},"10":{"loc":{"start":{"line":86,"column":26},"end":{"line":86,"column":72}},"type":"cond-expr","locations":[{"start":{"line":86,"column":58},"end":{"line":86,"column":63}},{"start":{"line":86,"column":66},"end":{"line":86,"column":72}}],"line":86},"11":{"loc":{"start":{"line":88,"column":4},"end":{"line":90,"column":5}},"type":"if","locations":[{"start":{"line":88,"column":4},"end":{"line":90,"column":5}},{"start":{},"end":{}}],"line":88},"12":{"loc":{"start":{"line":100,"column":17},"end":{"line":100,"column":46}},"type":"binary-expr","locations":[{"start":{"line":100,"column":17},"end":{"line":100,"column":41}},{"start":{"line":100,"column":45},"end":{"line":100,"column":46}}],"line":100},"13":{"loc":{"start":{"line":101,"column":18},"end":{"line":101,"column":49}},"type":"binary-expr","locations":[{"start":{"line":101,"column":18},"end":{"line":101,"column":43}},{"start":{"line":101,"column":47},"end":{"line":101,"column":49}}],"line":101},"14":{"loc":{"start":{"line":103,"column":4},"end":{"line":105,"column":5}},"type":"if","locations":[{"start":{"line":103,"column":4},"end":{"line":105,"column":5}},{"start":{},"end":{}}],"line":103},"15":{"loc":{"start":{"line":103,"column":8},"end":{"line":103,"column":44}},"type":"binary-expr","locations":[{"start":{"line":103,"column":8},"end":{"line":103,"column":16}},{"start":{"line":103,"column":20},"end":{"line":103,"column":29}},{"start":{"line":103,"column":33},"end":{"line":103,"column":44}}],"line":103},"16":{"loc":{"start":{"line":113,"column":4},"end":{"line":118,"column":5}},"type":"if","locations":[{"start":{"line":113,"column":4},"end":{"line":118,"column":5}},{"start":{},"end":{}}],"line":113},"17":{"loc":{"start":{"line":120,"column":4},"end":{"line":122,"column":5}},"type":"if","locations":[{"start":{"line":120,"column":4},"end":{"line":122,"column":5}},{"start":{},"end":{}}],"line":120},"18":{"loc":{"start":{"line":124,"column":4},"end":{"line":132,"column":5}},"type":"if","locations":[{"start":{"line":124,"column":4},"end":{"line":132,"column":5}},{"start":{},"end":{}}],"line":124},"19":{"loc":{"start":{"line":124,"column":8},"end":{"line":124,"column":28}},"type":"binary-expr","locations":[{"start":{"line":124,"column":8},"end":{"line":124,"column":16}},{"start":{"line":124,"column":20},"end":{"line":124,"column":28}}],"line":124},"20":{"loc":{"start":{"line":126,"column":8},"end":{"line":128,"column":9}},"type":"if","locations":[{"start":{"line":126,"column":8},"end":{"line":128,"column":9}},{"start":{},"end":{}}],"line":126},"21":{"loc":{"start":{"line":129,"column":8},"end":{"line":131,"column":9}},"type":"if","locations":[{"start":{"line":129,"column":8},"end":{"line":131,"column":9}},{"start":{},"end":{}}],"line":129},"22":{"loc":{"start":{"line":154,"column":4},"end":{"line":156,"column":5}},"type":"if","locations":[{"start":{"line":154,"column":4},"end":{"line":156,"column":5}},{"start":{},"end":{}}],"line":154},"23":{"loc":{"start":{"line":154,"column":8},"end":{"line":154,"column":36}},"type":"binary-expr","locations":[{"start":{"line":154,"column":8},"end":{"line":154,"column":14}},{"start":{"line":154,"column":18},"end":{"line":154,"column":36}}],"line":154},"24":{"loc":{"start":{"line":183,"column":4},"end":{"line":185,"column":5}},"type":"if","locations":[{"start":{"line":183,"column":4},"end":{"line":185,"column":5}},{"start":{},"end":{}}],"line":183},"25":{"loc":{"start":{"line":208,"column":8},"end":{"line":210,"column":9}},"type":"if","locations":[{"start":{"line":208,"column":8},"end":{"line":210,"column":9}},{"start":{},"end":{}}],"line":208},"26":{"loc":{"start":{"line":214,"column":8},"end":{"line":216,"column":9}},"type":"if","locations":[{"start":{"line":214,"column":8},"end":{"line":216,"column":9}},{"start":{},"end":{}}],"line":214},"27":{"loc":{"start":{"line":224,"column":4},"end":{"line":226,"column":5}},"type":"if","locations":[{"start":{"line":224,"column":4},"end":{"line":226,"column":5}},{"start":{},"end":{}}],"line":224},"28":{"loc":{"start":{"line":227,"column":54},"end":{"line":227,"column":68}},"type":"binary-expr","locations":[{"start":{"line":227,"column":54},"end":{"line":227,"column":62}},{"start":{"line":227,"column":66},"end":{"line":227,"column":68}}],"line":227},"29":{"loc":{"start":{"line":228,"column":4},"end":{"line":230,"column":5}},"type":"if","locations":[{"start":{"line":228,"column":4},"end":{"line":230,"column":5}},{"start":{},"end":{}}],"line":228},"30":{"loc":{"start":{"line":231,"column":4},"end":{"line":233,"column":5}},"type":"if","locations":[{"start":{"line":231,"column":4},"end":{"line":233,"column":5}},{"start":{},"end":{}}],"line":231},"31":{"loc":{"start":{"line":253,"column":8},"end":{"line":255,"column":9}},"type":"if","locations":[{"start":{"line":253,"column":8},"end":{"line":255,"column":9}},{"start":{},"end":{}}],"line":253},"32":{"loc":{"start":{"line":263,"column":4},"end":{"line":265,"column":5}},"type":"if","locations":[{"start":{"line":263,"column":4},"end":{"line":265,"column":5}},{"start":{},"end":{}}],"line":263},"33":{"loc":{"start":{"line":282,"column":8},"end":{"line":284,"column":9}},"type":"if","locations":[{"start":{"line":282,"column":8},"end":{"line":284,"column":9}},{"start":{},"end":{}}],"line":282}},"s":{"0":2,"1":2,"2":2,"3":3,"4":3,"5":0,"6":3,"7":3,"8":3,"9":1,"10":2,"11":2,"12":0,"13":0,"14":0,"15":0,"16":0,"17":0,"18":0,"19":0,"20":0,"21":0,"22":0,"23":0,"24":0,"25":0,"26":2,"27":3,"28":3,"29":3,"30":3,"31":3,"32":0,"33":2,"34":4,"35":4,"36":4,"37":4,"38":4,"39":0,"40":4,"41":4,"42":3,"43":0,"44":3,"45":0,"46":3,"47":0,"48":0,"49":0,"50":0,"51":0,"52":3,"53":3,"54":1,"55":2,"56":2,"57":2,"58":1,"59":2,"60":3,"61":3,"62":0,"63":3,"64":3,"65":3,"66":2,"67":1,"68":0,"69":0,"70":0,"71":2,"72":2,"73":2,"74":0,"75":2,"76":2,"77":0,"78":2,"79":0,"80":2,"81":2,"82":1,"83":1,"84":1,"85":0,"86":2,"87":2,"88":2,"89":0,"90":2,"91":2,"92":1,"93":1,"94":1,"95":0,"96":2},"f":{"0":3,"1":0,"2":3,"3":4,"4":3,"5":2,"6":2},"b":{"0":[3,0],"1":[0,3],"2":[3,0,0],"3":[0,0],"4":[0,0],"5":[0,0,0],"6":[0,0],"7":[0,0,0],"8":[0,0],"9":[3,3],"10":[0,3],"11":[3,0],"12":[4,4],"13":[4,4],"14":[0,4],"15":[4,4,4],"16":[0,3],"17":[0,3],"18":[0,3],"19":[3,3],"20":[0,0],"21":[0,0],"22":[1,2],"23":[3,3],"24":[0,3],"25":[2,1],"26":[0,0],"27":[0,2],"28":[2,0],"29":[0,2],"30":[0,2],"31":[1,0],"32":[0,2],"33":[1,0]},"_coverageSchema":"1a1c01bbd47fc00a2c39e90264f33305004495a9","hash":"5cfaf6ea4ae8b55e7e32e7ed5eca224f2ba765d0"}
,"/Users/acastegui/Desktop/Code the Dream/CDT projects/node-homework/controllers/userController.js": {"path":"/Users/acastegui/Desktop/Code the Dream/CDT projects/node-homework/controllers/userController.js","statementMap":{"0":{"start":{"line":1,"column":15},"end":{"line":1,"column":38}},"1":{"start":{"line":2,"column":23},"end":{"line":2,"column":58}},"2":{"start":{"line":3,"column":15},"end":{"line":3,"column":32}},"3":{"start":{"line":4,"column":13},"end":{"line":4,"column":28}},"4":{"start":{"line":5,"column":23},"end":{"line":5,"column":40}},"5":{"start":{"line":6,"column":12},"end":{"line":6,"column":35}},"6":{"start":{"line":8,"column":15},"end":{"line":8,"column":44}},"7":{"start":{"line":12,"column":17},"end":{"line":12,"column":55}},"8":{"start":{"line":13,"column":23},"end":{"line":13,"column":55}},"9":{"start":{"line":14,"column":4},"end":{"line":14,"column":51}},"10":{"start":{"line":18,"column":24},"end":{"line":18,"column":45}},"11":{"start":{"line":19,"column":22},"end":{"line":19,"column":45}},"12":{"start":{"line":20,"column":23},"end":{"line":20,"column":60}},"13":{"start":{"line":21,"column":4},"end":{"line":21,"column":57}},"14":{"start":{"line":25,"column":20},"end":{"line":31,"column":1}},"15":{"start":{"line":26,"column":4},"end":{"line":30,"column":6}},"16":{"start":{"line":33,"column":21},"end":{"line":38,"column":1}},"17":{"start":{"line":34,"column":20},"end":{"line":34,"column":60}},"18":{"start":{"line":35,"column":18},"end":{"line":35,"column":80}},"19":{"start":{"line":36,"column":4},"end":{"line":36,"column":71}},"20":{"start":{"line":37,"column":4},"end":{"line":37,"column":29}},"21":{"start":{"line":42,"column":17},"end":{"line":110,"column":1}},"22":{"start":{"line":43,"column":4},"end":{"line":43,"column":33}},"23":{"start":{"line":43,"column":19},"end":{"line":43,"column":33}},"24":{"start":{"line":44,"column":29},"end":{"line":44,"column":79}},"25":{"start":{"line":46,"column":4},"end":{"line":48,"column":5}},"26":{"start":{"line":47,"column":8},"end":{"line":47,"column":95}},"27":{"start":{"line":50,"column":27},"end":{"line":50,"column":61}},"28":{"start":{"line":51,"column":4},"end":{"line":51,"column":26}},"29":{"start":{"line":53,"column":4},"end":{"line":109,"column":5}},"30":{"start":{"line":54,"column":23},"end":{"line":91,"column":10}},"31":{"start":{"line":55,"column":28},"end":{"line":67,"column":14}},"32":{"start":{"line":69,"column":36},"end":{"line":73,"column":13}},"33":{"start":{"line":75,"column":12},"end":{"line":75,"column":65}},"34":{"start":{"line":77,"column":33},"end":{"line":89,"column":14}},"35":{"start":{"line":80,"column":60},"end":{"line":80,"column":67}},"36":{"start":{"line":90,"column":12},"end":{"line":90,"column":51}},"37":{"start":{"line":93,"column":26},"end":{"line":93,"column":61}},"38":{"start":{"line":95,"column":8},"end":{"line":101,"column":11}},"39":{"start":{"line":105,"column":8},"end":{"line":107,"column":9}},"40":{"start":{"line":106,"column":12},"end":{"line":106,"column":79}},"41":{"start":{"line":108,"column":8},"end":{"line":108,"column":25}},"42":{"start":{"line":114,"column":13},"end":{"line":175,"column":1}},"43":{"start":{"line":115,"column":19},"end":{"line":115,"column":42}},"44":{"start":{"line":117,"column":4},"end":{"line":119,"column":5}},"45":{"start":{"line":118,"column":8},"end":{"line":118,"column":65}},"46":{"start":{"line":121,"column":26},"end":{"line":121,"column":62}},"47":{"start":{"line":123,"column":23},"end":{"line":139,"column":5}},"48":{"start":{"line":142,"column":4},"end":{"line":158,"column":5}},"49":{"start":{"line":143,"column":33},"end":{"line":143,"column":60}},"50":{"start":{"line":144,"column":29},"end":{"line":144,"column":31}},"51":{"start":{"line":146,"column":8},"end":{"line":146,"column":31}},"52":{"start":{"line":148,"column":8},"end":{"line":153,"column":11}},"53":{"start":{"line":149,"column":28},"end":{"line":149,"column":40}},"54":{"start":{"line":150,"column":12},"end":{"line":152,"column":13}},"55":{"start":{"line":151,"column":16},"end":{"line":151,"column":45}},"56":{"start":{"line":155,"column":8},"end":{"line":157,"column":9}},"57":{"start":{"line":156,"column":12},"end":{"line":156,"column":40}},"58":{"start":{"line":160,"column":4},"end":{"line":174,"column":5}},"59":{"start":{"line":161,"column":21},"end":{"line":165,"column":10}},"60":{"start":{"line":167,"column":8},"end":{"line":169,"column":9}},"61":{"start":{"line":168,"column":12},"end":{"line":168,"column":71}},"62":{"start":{"line":171,"column":8},"end":{"line":171,"column":42}},"63":{"start":{"line":173,"column":8},"end":{"line":173,"column":25}},"64":{"start":{"line":179,"column":14},"end":{"line":215,"column":1}},"65":{"start":{"line":180,"column":30},"end":{"line":180,"column":44}},"66":{"start":{"line":182,"column":4},"end":{"line":184,"column":5}},"67":{"start":{"line":183,"column":8},"end":{"line":183,"column":69}},"68":{"start":{"line":186,"column":4},"end":{"line":186,"column":39}},"69":{"start":{"line":188,"column":4},"end":{"line":214,"column":5}},"70":{"start":{"line":190,"column":21},"end":{"line":192,"column":10}},"71":{"start":{"line":194,"column":8},"end":{"line":196,"column":9}},"72":{"start":{"line":195,"column":12},"end":{"line":195,"column":74}},"73":{"start":{"line":198,"column":32},"end":{"line":198,"column":84}},"74":{"start":{"line":199,"column":8},"end":{"line":201,"column":9}},"75":{"start":{"line":200,"column":12},"end":{"line":200,"column":73}},"76":{"start":{"line":203,"column":26},"end":{"line":203,"column":54}},"77":{"start":{"line":205,"column":4},"end":{"line":210,"column":7}},"78":{"start":{"line":213,"column":8},"end":{"line":213,"column":25}},"79":{"start":{"line":219,"column":15},"end":{"line":222,"column":1}},"80":{"start":{"line":220,"column":4},"end":{"line":220,"column":45}},"81":{"start":{"line":221,"column":4},"end":{"line":221,"column":72}},"82":{"start":{"line":226,"column":0},"end":{"line":231,"column":2}}},"fnMap":{"0":{"name":"hashPassword","decl":{"start":{"line":11,"column":15},"end":{"line":11,"column":27}},"loc":{"start":{"line":11,"column":38},"end":{"line":15,"column":1}},"line":11},"1":{"name":"comparePassword","decl":{"start":{"line":17,"column":15},"end":{"line":17,"column":30}},"loc":{"start":{"line":17,"column":57},"end":{"line":22,"column":1}},"line":17},"2":{"name":"(anonymous_2)","decl":{"start":{"line":25,"column":20},"end":{"line":25,"column":21}},"loc":{"start":{"line":25,"column":29},"end":{"line":31,"column":1}},"line":25},"3":{"name":"(anonymous_3)","decl":{"start":{"line":33,"column":21},"end":{"line":33,"column":22}},"loc":{"start":{"line":33,"column":41},"end":{"line":38,"column":1}},"line":33},"4":{"name":"(anonymous_4)","decl":{"start":{"line":42,"column":17},"end":{"line":42,"column":18}},"loc":{"start":{"line":42,"column":43},"end":{"line":110,"column":1}},"line":42},"5":{"name":"(anonymous_5)","decl":{"start":{"line":54,"column":49},"end":{"line":54,"column":50}},"loc":{"start":{"line":54,"column":63},"end":{"line":91,"column":9}},"line":54},"6":{"name":"(anonymous_6)","decl":{"start":{"line":80,"column":53},"end":{"line":80,"column":54}},"loc":{"start":{"line":80,"column":60},"end":{"line":80,"column":67}},"line":80},"7":{"name":"(anonymous_7)","decl":{"start":{"line":114,"column":13},"end":{"line":114,"column":14}},"loc":{"start":{"line":114,"column":39},"end":{"line":175,"column":1}},"line":114},"8":{"name":"(anonymous_8)","decl":{"start":{"line":148,"column":32},"end":{"line":148,"column":33}},"loc":{"start":{"line":148,"column":43},"end":{"line":153,"column":9}},"line":148},"9":{"name":"(anonymous_9)","decl":{"start":{"line":179,"column":14},"end":{"line":179,"column":15}},"loc":{"start":{"line":179,"column":40},"end":{"line":215,"column":1}},"line":179},"10":{"name":"(anonymous_10)","decl":{"start":{"line":219,"column":15},"end":{"line":219,"column":16}},"loc":{"start":{"line":219,"column":29},"end":{"line":222,"column":1}},"line":219}},"branchMap":{"0":{"loc":{"start":{"line":43,"column":4},"end":{"line":43,"column":33}},"type":"if","locations":[{"start":{"line":43,"column":4},"end":{"line":43,"column":33}},{"start":{},"end":{}}],"line":43},"1":{"loc":{"start":{"line":46,"column":4},"end":{"line":48,"column":5}},"type":"if","locations":[{"start":{"line":46,"column":4},"end":{"line":48,"column":5}},{"start":{},"end":{}}],"line":46},"2":{"loc":{"start":{"line":105,"column":8},"end":{"line":107,"column":9}},"type":"if","locations":[{"start":{"line":105,"column":8},"end":{"line":107,"column":9}},{"start":{},"end":{}}],"line":105},"3":{"loc":{"start":{"line":117,"column":4},"end":{"line":119,"column":5}},"type":"if","locations":[{"start":{"line":117,"column":4},"end":{"line":119,"column":5}},{"start":{},"end":{}}],"line":117},"4":{"loc":{"start":{"line":142,"column":4},"end":{"line":158,"column":5}},"type":"if","locations":[{"start":{"line":142,"column":4},"end":{"line":158,"column":5}},{"start":{},"end":{}}],"line":142},"5":{"loc":{"start":{"line":150,"column":12},"end":{"line":152,"column":13}},"type":"if","locations":[{"start":{"line":150,"column":12},"end":{"line":152,"column":13}},{"start":{},"end":{}}],"line":150},"6":{"loc":{"start":{"line":155,"column":8},"end":{"line":157,"column":9}},"type":"if","locations":[{"start":{"line":155,"column":8},"end":{"line":157,"column":9}},{"start":{},"end":{}}],"line":155},"7":{"loc":{"start":{"line":167,"column":8},"end":{"line":169,"column":9}},"type":"if","locations":[{"start":{"line":167,"column":8},"end":{"line":169,"column":9}},{"start":{},"end":{}}],"line":167},"8":{"loc":{"start":{"line":180,"column":30},"end":{"line":180,"column":44}},"type":"binary-expr","locations":[{"start":{"line":180,"column":30},"end":{"line":180,"column":38}},{"start":{"line":180,"column":42},"end":{"line":180,"column":44}}],"line":180},"9":{"loc":{"start":{"line":182,"column":4},"end":{"line":184,"column":5}},"type":"if","locations":[{"start":{"line":182,"column":4},"end":{"line":184,"column":5}},{"start":{},"end":{}}],"line":182},"10":{"loc":{"start":{"line":182,"column":8},"end":{"line":182,"column":27}},"type":"binary-expr","locations":[{"start":{"line":182,"column":8},"end":{"line":182,"column":14}},{"start":{"line":182,"column":18},"end":{"line":182,"column":27}}],"line":182},"11":{"loc":{"start":{"line":194,"column":8},"end":{"line":196,"column":9}},"type":"if","locations":[{"start":{"line":194,"column":8},"end":{"line":196,"column":9}},{"start":{},"end":{}}],"line":194},"12":{"loc":{"start":{"line":199,"column":8},"end":{"line":201,"column":9}},"type":"if","locations":[{"start":{"line":199,"column":8},"end":{"line":201,"column":9}},{"start":{},"end":{}}],"line":199}},"s":{"0":2,"1":2,"2":2,"3":2,"4":2,"5":2,"6":2,"7":3,"8":3,"9":3,"10":2,"11":2,"12":2,"13":2,"14":2,"15":6,"16":2,"17":4,"18":4,"19":4,"20":4,"21":2,"22":3,"23":0,"24":3,"25":3,"26":0,"27":3,"28":3,"29":3,"30":3,"31":3,"32":2,"33":2,"34":2,"35":6,"36":2,"37":2,"38":2,"39":1,"40":1,"41":0,"42":2,"43":0,"44":0,"45":0,"46":0,"47":0,"48":0,"49":0,"50":0,"51":0,"52":0,"53":0,"54":0,"55":0,"56":0,"57":0,"58":0,"59":0,"60":0,"61":0,"62":0,"63":0,"64":2,"65":3,"66":3,"67":0,"68":3,"69":3,"70":3,"71":3,"72":1,"73":2,"74":2,"75":0,"76":2,"77":2,"78":0,"79":2,"80":2,"81":2,"82":2},"f":{"0":3,"1":2,"2":6,"3":4,"4":3,"5":3,"6":6,"7":0,"8":0,"9":3,"10":2},"b":{"0":[0,3],"1":[0,3],"2":[1,0],"3":[0,0],"4":[0,0],"5":[0,0],"6":[0,0],"7":[0,0],"8":[3,0],"9":[0,3],"10":[3,3],"11":[1,2],"12":[0,2]},"_coverageSchema":"1a1c01bbd47fc00a2c39e90264f33305004495a9","hash":"d36aba8e4eb86186a8cf7d76399eccd78c454159"}
,"/Users/acastegui/Desktop/Code the Dream/CDT projects/node-homework/db/prisma.js": {"path":"/Users/acastegui/Desktop/Code the Dream/CDT projects/node-homework/db/prisma.js","statementMap":{"0":{"start":{"line":1,"column":25},"end":{"line":1,"column":50}},"1":{"start":{"line":4,"column":0},"end":{"line":9,"column":1}},"2":{"start":{"line":5,"column":4},"end":{"line":5,"column":30}},"3":{"start":{"line":8,"column":4},"end":{"line":8,"column":14}},"4":{"start":{"line":11,"column":15},"end":{"line":11,"column":37}},"5":{"start":{"line":13,"column":0},"end":{"line":13,"column":24}}},"fnMap":{},"branchMap":{"0":{"loc":{"start":{"line":4,"column":0},"end":{"line":9,"column":1}},"type":"if","locations":[{"start":{"line":4,"column":0},"end":{"line":9,"column":1}},{"start":{"line":7,"column":6},"end":{"line":9,"column":1}}],"line":4},"1":{"loc":{"start":{"line":4,"column":4},"end":{"line":4,"column":67}},"type":"binary-expr","locations":[{"start":{"line":4,"column":4},"end":{"line":4,"column":25}},{"start":{"line":4,"column":29},"end":{"line":4,"column":67}}],"line":4}},"s":{"0":3,"1":3,"2":0,"3":3,"4":3,"5":3},"f":{},"b":{"0":[0,3],"1":[3,3]},"_coverageSchema":"1a1c01bbd47fc00a2c39e90264f33305004495a9","hash":"32b55e83507dc70de19766e8b9ae5b955288867a"}
,"/Users/acastegui/Desktop/Code the Dream/CDT projects/node-homework/middleware/error-handler.js": {"path":"/Users/acastegui/Desktop/Code the Dream/CDT projects/node-homework/middleware/error-handler.js","statementMap":{"0":{"start":{"line":3,"column":21},"end":{"line":17,"column":1}},"1":{"start":{"line":5,"column":4},"end":{"line":7,"column":5}},"2":{"start":{"line":6,"column":8},"end":{"line":6,"column":73}},"3":{"start":{"line":9,"column":4},"end":{"line":11,"column":5}},"4":{"start":{"line":10,"column":8},"end":{"line":10,"column":94}},"5":{"start":{"line":13,"column":4},"end":{"line":13,"column":23}},"6":{"start":{"line":14,"column":4},"end":{"line":16,"column":7}},"7":{"start":{"line":19,"column":0},"end":{"line":19,"column":30}}},"fnMap":{"0":{"name":"(anonymous_0)","decl":{"start":{"line":3,"column":21},"end":{"line":3,"column":22}},"loc":{"start":{"line":3,"column":46},"end":{"line":17,"column":1}},"line":3}},"branchMap":{"0":{"loc":{"start":{"line":5,"column":4},"end":{"line":7,"column":5}},"type":"if","locations":[{"start":{"line":5,"column":4},"end":{"line":7,"column":5}},{"start":{},"end":{}}],"line":5},"1":{"loc":{"start":{"line":9,"column":4},"end":{"line":11,"column":5}},"type":"if","locations":[{"start":{"line":9,"column":4},"end":{"line":11,"column":5}},{"start":{},"end":{}}],"line":9},"2":{"loc":{"start":{"line":9,"column":8},"end":{"line":9,"column":56}},"type":"binary-expr","locations":[{"start":{"line":9,"column":8},"end":{"line":9,"column":35}},{"start":{"line":9,"column":39},"end":{"line":9,"column":56}}],"line":9}},"s":{"0":1,"1":0,"2":0,"3":0,"4":0,"5":0,"6":0,"7":1},"f":{"0":0},"b":{"0":[0,0],"1":[0,0],"2":[0,0]},"_coverageSchema":"1a1c01bbd47fc00a2c39e90264f33305004495a9","hash":"bacd734b2a061dfadf041076d11171a7eda090f1"}
,"/Users/acastegui/Desktop/Code the Dream/CDT projects/node-homework/middleware/jwtMiddleware.js": {"path":"/Users/acastegui/Desktop/Code the Dream/CDT projects/node-homework/middleware/jwtMiddleware.js","statementMap":{"0":{"start":{"line":1,"column":12},"end":{"line":1,"column":35}},"1":{"start":{"line":2,"column":24},"end":{"line":2,"column":52}},"2":{"start":{"line":4,"column":16},"end":{"line":8,"column":1}},"3":{"start":{"line":5,"column":4},"end":{"line":7,"column":52}},"4":{"start":{"line":10,"column":0},"end":{"line":28,"column":2}},"5":{"start":{"line":11,"column":18},"end":{"line":11,"column":35}},"6":{"start":{"line":12,"column":4},"end":{"line":14,"column":5}},"7":{"start":{"line":13,"column":8},"end":{"line":13,"column":28}},"8":{"start":{"line":15,"column":4},"end":{"line":27,"column":7}},"9":{"start":{"line":16,"column":8},"end":{"line":18,"column":9}},"10":{"start":{"line":17,"column":12},"end":{"line":17,"column":32}},"11":{"start":{"line":19,"column":8},"end":{"line":19,"column":38}},"12":{"start":{"line":20,"column":8},"end":{"line":25,"column":9}},"13":{"start":{"line":21,"column":31},"end":{"line":21,"column":54}},"14":{"start":{"line":22,"column":12},"end":{"line":24,"column":13}},"15":{"start":{"line":23,"column":16},"end":{"line":23,"column":36}},"16":{"start":{"line":26,"column":8},"end":{"line":26,"column":15}}},"fnMap":{"0":{"name":"(anonymous_0)","decl":{"start":{"line":4,"column":16},"end":{"line":4,"column":17}},"loc":{"start":{"line":4,"column":25},"end":{"line":8,"column":1}},"line":4},"1":{"name":"(anonymous_1)","decl":{"start":{"line":10,"column":17},"end":{"line":10,"column":18}},"loc":{"start":{"line":10,"column":43},"end":{"line":28,"column":1}},"line":10},"2":{"name":"(anonymous_2)","decl":{"start":{"line":15,"column":46},"end":{"line":15,"column":47}},"loc":{"start":{"line":15,"column":64},"end":{"line":27,"column":5}},"line":15}},"branchMap":{"0":{"loc":{"start":{"line":12,"column":4},"end":{"line":14,"column":5}},"type":"if","locations":[{"start":{"line":12,"column":4},"end":{"line":14,"column":5}},{"start":{},"end":{}}],"line":12},"1":{"loc":{"start":{"line":16,"column":8},"end":{"line":18,"column":9}},"type":"if","locations":[{"start":{"line":16,"column":8},"end":{"line":18,"column":9}},{"start":{},"end":{}}],"line":16},"2":{"loc":{"start":{"line":20,"column":8},"end":{"line":25,"column":9}},"type":"if","locations":[{"start":{"line":20,"column":8},"end":{"line":25,"column":9}},{"start":{},"end":{}}],"line":20},"3":{"loc":{"start":{"line":22,"column":12},"end":{"line":24,"column":13}},"type":"if","locations":[{"start":{"line":22,"column":12},"end":{"line":24,"column":13}},{"start":{},"end":{}}],"line":22},"4":{"loc":{"start":{"line":22,"column":16},"end":{"line":22,"column":63}},"type":"binary-expr","locations":[{"start":{"line":22,"column":16},"end":{"line":22,"column":27}},{"start":{"line":22,"column":31},"end":{"line":22,"column":63}}],"line":22}},"s":{"0":2,"1":2,"2":2,"3":4,"4":2,"5":7,"6":7,"7":2,"8":5,"9":5,"10":1,"11":4,"12":4,"13":3,"14":3,"15":1,"16":3},"f":{"0":4,"1":7,"2":5},"b":{"0":[2,5],"1":[1,4],"2":[3,1],"3":[1,2],"4":[3,3]},"_coverageSchema":"1a1c01bbd47fc00a2c39e90264f33305004495a9","hash":"f8299e660eb48d235b0d30b90e5b89450f1b752f"}
,"/Users/acastegui/Desktop/Code the Dream/CDT projects/node-homework/middleware/not-found.js": {"path":"/Users/acastegui/Desktop/Code the Dream/CDT projects/node-homework/middleware/not-found.js","statementMap":{"0":{"start":{"line":1,"column":17},"end":{"line":3,"column":1}},"1":{"start":{"line":2,"column":4},"end":{"line":2,"column":54}},"2":{"start":{"line":5,"column":0},"end":{"line":5,"column":26}}},"fnMap":{"0":{"name":"(anonymous_0)","decl":{"start":{"line":1,"column":17},"end":{"line":1,"column":18}},"loc":{"start":{"line":1,"column":31},"end":{"line":3,"column":1}},"line":1}},"branchMap":{},"s":{"0":1,"1":0,"2":1},"f":{"0":0},"b":{},"_coverageSchema":"1a1c01bbd47fc00a2c39e90264f33305004495a9","hash":"4fb9cfadbeac8d7a979daf051019a7b25f5239f1"}
,"/Users/acastegui/Desktop/Code the Dream/CDT projects/node-homework/routes/analyticsRoutes.js": {"path":"/Users/acastegui/Desktop/Code the Dream/CDT projects/node-homework/routes/analyticsRoutes.js","statementMap":{"0":{"start":{"line":1,"column":16},"end":{"line":1,"column":34}},"1":{"start":{"line":2,"column":15},"end":{"line":2,"column":31}},"2":{"start":{"line":8,"column":4},"end":{"line":8,"column":49}},"3":{"start":{"line":10,"column":0},"end":{"line":10,"column":43}},"4":{"start":{"line":11,"column":0},"end":{"line":11,"column":40}},"5":{"start":{"line":12,"column":0},"end":{"line":12,"column":41}},"6":{"start":{"line":14,"column":0},"end":{"line":14,"column":24}}},"fnMap":{},"branchMap":{},"s":{"0":1,"1":1,"2":1,"3":1,"4":1,"5":1,"6":1},"f":{},"b":{},"_coverageSchema":"1a1c01bbd47fc00a2c39e90264f33305004495a9","hash":"ba3d494c9b6fbbca0f776cc3519460e917308561"}
,"/Users/acastegui/Desktop/Code the Dream/CDT projects/node-homework/routes/taskRoutes.js": {"path":"/Users/acastegui/Desktop/Code the Dream/CDT projects/node-homework/routes/taskRoutes.js","statementMap":{"0":{"start":{"line":1,"column":16},"end":{"line":1,"column":34}},"1":{"start":{"line":2,"column":15},"end":{"line":2,"column":31}},"2":{"start":{"line":10,"column":4},"end":{"line":10,"column":44}},"3":{"start":{"line":12,"column":0},"end":{"line":12,"column":25}},"4":{"start":{"line":13,"column":0},"end":{"line":13,"column":33}},"5":{"start":{"line":14,"column":0},"end":{"line":14,"column":23}},"6":{"start":{"line":15,"column":0},"end":{"line":15,"column":25}},"7":{"start":{"line":16,"column":0},"end":{"line":16,"column":29}},"8":{"start":{"line":17,"column":0},"end":{"line":17,"column":34}},"9":{"start":{"line":19,"column":0},"end":{"line":19,"column":24}}},"fnMap":{},"branchMap":{},"s":{"0":1,"1":1,"2":1,"3":1,"4":1,"5":1,"6":1,"7":1,"8":1,"9":1},"f":{},"b":{},"_coverageSchema":"1a1c01bbd47fc00a2c39e90264f33305004495a9","hash":"ae411f72fdc625d87d0fef2068f8e4ea8bbc37f7"}
,"/Users/acastegui/Desktop/Code the Dream/CDT projects/node-homework/routes/userRoutes.js": {"path":"/Users/acastegui/Desktop/Code the Dream/CDT projects/node-homework/routes/userRoutes.js","statementMap":{"0":{"start":{"line":1,"column":16},"end":{"line":1,"column":34}},"1":{"start":{"line":2,"column":15},"end":{"line":2,"column":31}},"2":{"start":{"line":3,"column":22},"end":{"line":3,"column":60}},"3":{"start":{"line":5,"column":34},"end":{"line":5,"column":74}},"4":{"start":{"line":7,"column":0},"end":{"line":7,"column":35}},"5":{"start":{"line":8,"column":0},"end":{"line":8,"column":29}},"6":{"start":{"line":9,"column":0},"end":{"line":9,"column":46}},"7":{"start":{"line":11,"column":0},"end":{"line":11,"column":24}}},"fnMap":{},"branchMap":{},"s":{"0":1,"1":1,"2":1,"3":1,"4":1,"5":1,"6":1,"7":1},"f":{},"b":{},"_coverageSchema":"1a1c01bbd47fc00a2c39e90264f33305004495a9","hash":"caa9e9713d8dc57b5142ea54a2727cb750dd3b7d"}
,"/Users/acastegui/Desktop/Code the Dream/CDT projects/node-homework/test/waitForRouteHandlerCompletion.js": {"path":"/Users/acastegui/Desktop/Code the Dream/CDT projects/node-homework/test/waitForRouteHandlerCompletion.js","statementMap":{"0":{"start":{"line":1,"column":38},"end":{"line":15,"column":1}},"1":{"start":{"line":3,"column":16},"end":{"line":11,"column":2}},"2":{"start":{"line":4,"column":4},"end":{"line":7,"column":7}},"3":{"start":{"line":5,"column":4},"end":{"line":5,"column":36}},"4":{"start":{"line":5,"column":15},"end":{"line":5,"column":36}},"5":{"start":{"line":6,"column":4},"end":{"line":6,"column":14}},"6":{"start":{"line":8,"column":4},"end":{"line":10,"column":7}},"7":{"start":{"line":9,"column":4},"end":{"line":9,"column":14}},"8":{"start":{"line":12,"column":0},"end":{"line":12,"column":27}},"9":{"start":{"line":13,"column":0},"end":{"line":13,"column":14}},"10":{"start":{"line":14,"column":0},"end":{"line":14,"column":12}},"11":{"start":{"line":16,"column":0},"end":{"line":16,"column":47}}},"fnMap":{"0":{"name":"(anonymous_0)","decl":{"start":{"line":1,"column":38},"end":{"line":1,"column":39}},"loc":{"start":{"line":1,"column":64},"end":{"line":15,"column":1}},"line":1},"1":{"name":"(anonymous_1)","decl":{"start":{"line":3,"column":28},"end":{"line":3,"column":29}},"loc":{"start":{"line":3,"column":49},"end":{"line":11,"column":1}},"line":3},"2":{"name":"(anonymous_2)","decl":{"start":{"line":4,"column":19},"end":{"line":4,"column":20}},"loc":{"start":{"line":4,"column":30},"end":{"line":7,"column":5}},"line":4},"3":{"name":"(anonymous_3)","decl":{"start":{"line":8,"column":21},"end":{"line":8,"column":22}},"loc":{"start":{"line":8,"column":27},"end":{"line":10,"column":5}},"line":8}},"branchMap":{"0":{"loc":{"start":{"line":5,"column":4},"end":{"line":5,"column":36}},"type":"if","locations":[{"start":{"line":5,"column":4},"end":{"line":5,"column":36}},{"start":{},"end":{}}],"line":5}},"s":{"0":2,"1":22,"2":22,"3":4,"4":3,"5":1,"6":22,"7":18,"8":22,"9":22,"10":19,"11":2},"f":{"0":22,"1":22,"2":4,"3":18},"b":{"0":[3,1]},"_coverageSchema":"1a1c01bbd47fc00a2c39e90264f33305004495a9","hash":"2b7d9a9fc4e7825bbaa08b32c9b809e758b22161"}
,"/Users/acastegui/Desktop/Code the Dream/CDT projects/node-homework/validation/taskSchema.js": {"path":"/Users/acastegui/Desktop/Code the Dream/CDT projects/node-homework/validation/taskSchema.js","statementMap":{"0":{"start":{"line":1,"column":12},"end":{"line":1,"column":26}},"1":{"start":{"line":4,"column":19},"end":{"line":9,"column":2}},"2":{"start":{"line":12,"column":24},"end":{"line":21,"column":6}},"3":{"start":{"line":23,"column":0},"end":{"line":26,"column":2}}},"fnMap":{},"branchMap":{},"s":{"0":3,"1":3,"2":3,"3":3},"f":{},"b":{},"_coverageSchema":"1a1c01bbd47fc00a2c39e90264f33305004495a9","hash":"e4e599f361592c125fe59836e910768a742849ab"}
,"/Users/acastegui/Desktop/Code the Dream/CDT projects/node-homework/validation/userSchema.js": {"path":"/Users/acastegui/Desktop/Code the Dream/CDT projects/node-homework/validation/userSchema.js","statementMap":{"0":{"start":{"line":1,"column":12},"end":{"line":1,"column":26}},"1":{"start":{"line":3,"column":19},"end":{"line":9,"column":2}},"2":{"start":{"line":11,"column":0},"end":{"line":11,"column":32}}},"fnMap":{},"branchMap":{},"s":{"0":3,"1":3,"2":3},"f":{},"b":{},"_coverageSchema":"1a1c01bbd47fc00a2c39e90264f33305004495a9","hash":"8860c7fd46481d072d8fc7b07d30ee478f93c3e1"}
}
