TN:
SF:app.js
FN:35,(anonymous_0)
FN:52,(anonymous_1)
FN:58,(anonymous_2)
FN:63,(anonymous_3)
FNF:4
FNH:1
FNDA:0,(anonymous_0)
FNDA:1,(anonymous_1)
FNDA:0,(anonymous_2)
FNDA:0,(anonymous_3)
DA:1,1
DA:2,1
DA:3,1
DA:4,1
DA:5,1
DA:7,1
DA:8,1
DA:9,1
DA:10,1
DA:11,1
DA:12,1
DA:13,1
DA:15,1
DA:17,1
DA:19,1
DA:20,0
DA:28,1
DA:30,1
DA:31,1
DA:33,1
DA:35,1
DA:36,0
DA:37,0
DA:38,0
DA:40,0
DA:44,1
DA:45,1
DA:46,1
DA:48,1
DA:49,1
DA:51,1
DA:52,1
DA:53,1
DA:56,1
DA:58,1
DA:59,0
DA:60,0
DA:62,0
DA:63,0
DA:65,0
DA:66,0
DA:67,0
DA:68,0
DA:72,1
DA:73,1
DA:75,1
LF:46
LH:33
BRDA:19,0,0,0
BRDA:19,0,1,1
BRDA:51,1,0,1
BRDA:51,1,1,1
BRDA:59,2,0,0
BRDA:59,2,1,0
BRF:6
BRH:3
end_of_record
TN:
SF:controllers/analyticsController.js
FN:3,(anonymous_0)
FN:66,(anonymous_1)
FN:94,(anonymous_2)
FN:126,(anonymous_3)
FNF:4
FNH:0
FNDA:0,(anonymous_0)
FNDA:0,(anonymous_1)
FNDA:0,(anonymous_2)
FNDA:0,(anonymous_3)
DA:1,1
DA:3,1
DA:4,0
DA:5,0
DA:7,0
DA:8,0
DA:11,0
DA:15,0
DA:16,0
DA:19,0
DA:25,0
DA:44,0
DA:45,0
DA:47,0
DA:56,0
DA:62,0
DA:66,1
DA:67,0
DA:68,0
DA:69,0
DA:71,0
DA:72,0
DA:75,0
DA:78,0
DA:94,0
DA:103,0
DA:105,0
DA:114,0
DA:120,0
DA:126,1
DA:127,0
DA:128,0
DA:130,0
DA:131,0
DA:136,0
DA:138,0
DA:139,0
DA:140,0
DA:142,0
DA:147,0
DA:153,0
DA:157,1
LF:42
LH:5
BRDA:7,0,0,0
BRDA:7,0,1,0
BRDA:15,1,0,0
BRDA:15,1,1,0
BRDA:68,2,0,0
BRDA:68,2,1,0
BRDA:69,3,0,0
BRDA:69,3,1,0
BRDA:71,4,0,0
BRDA:71,4,1,0
BRDA:71,5,0,0
BRDA:71,5,1,0
BRDA:71,5,2,0
BRDA:130,6,0,0
BRDA:130,6,1,0
BRDA:130,7,0,0
BRDA:130,7,1,0
BRDA:136,8,0,0
BRDA:136,8,1,0
BRF:19
BRH:0
end_of_record
TN:
SF:controllers/taskController.js
FN:6,(anonymous_0)
FN:36,(anonymous_1)
FN:83,(anonymous_2)
FN:95,(anonymous_3)
FN:181,(anonymous_4)
FN:222,(anonymous_5)
FN:261,(anonymous_6)
FNF:7
FNH:6
FNDA:3,(anonymous_0)
FNDA:0,(anonymous_1)
FNDA:3,(anonymous_2)
FNDA:4,(anonymous_3)
FNDA:3,(anonymous_4)
FNDA:2,(anonymous_5)
FNDA:2,(anonymous_6)
DA:1,2
DA:2,2
DA:6,2
DA:7,3
DA:8,3
DA:9,0
DA:12,3
DA:13,3
DA:15,3
DA:29,1
DA:31,2
DA:36,2
DA:37,0
DA:39,0
DA:40,0
DA:44,0
DA:45,0
DA:46,0
DA:47,0
DA:48,0
DA:54,0
DA:56,0
DA:64,0
DA:65,0
DA:70,0
DA:76,0
DA:83,2
DA:84,3
DA:85,3
DA:86,3
DA:88,3
DA:89,3
DA:91,0
DA:95,2
DA:96,4
DA:98,4
DA:100,4
DA:101,4
DA:103,4
DA:104,0
DA:107,4
DA:109,4
DA:113,3
DA:114,0
DA:120,3
DA:121,0
DA:124,3
DA:125,0
DA:126,0
DA:127,0
DA:129,0
DA:130,0
DA:134,3
DA:154,3
DA:155,1
DA:158,2
DA:162,2
DA:171,2
DA:176,1
DA:181,2
DA:182,3
DA:183,3
DA:184,0
DA:186,3
DA:187,3
DA:208,3
DA:209,2
DA:212,1
DA:214,0
DA:215,0
DA:217,0
DA:222,2
DA:223,2
DA:224,2
DA:225,0
DA:227,2
DA:228,2
DA:229,0
DA:231,2
DA:232,0
DA:234,2
DA:235,2
DA:251,1
DA:253,1
DA:254,1
DA:256,0
DA:261,2
DA:262,2
DA:263,2
DA:264,0
DA:266,2
DA:267,2
DA:280,1
DA:282,1
DA:283,1
DA:285,0
DA:289,2
LF:97
LH:63
BRDA:7,0,0,3
BRDA:7,0,1,0
BRDA:8,1,0,0
BRDA:8,1,1,3
BRDA:13,2,0,3
BRDA:13,2,1,0
BRDA:13,2,2,0
BRDA:37,3,0,0
BRDA:37,3,1,0
BRDA:39,4,0,0
BRDA:39,4,1,0
BRDA:39,5,0,0
BRDA:39,5,1,0
BRDA:39,5,2,0
BRDA:47,6,0,0
BRDA:47,6,1,0
BRDA:54,7,0,0
BRDA:54,7,1,0
BRDA:54,7,2,0
BRDA:59,8,0,0
BRDA:59,8,1,0
BRDA:85,9,0,3
BRDA:85,9,1,3
BRDA:86,10,0,0
BRDA:86,10,1,3
BRDA:88,11,0,3
BRDA:88,11,1,0
BRDA:100,12,0,4
BRDA:100,12,1,4
BRDA:101,13,0,4
BRDA:101,13,1,4
BRDA:103,14,0,0
BRDA:103,14,1,4
BRDA:103,15,0,4
BRDA:103,15,1,4
BRDA:103,15,2,4
BRDA:113,16,0,0
BRDA:113,16,1,3
BRDA:120,17,0,0
BRDA:120,17,1,3
BRDA:124,18,0,0
BRDA:124,18,1,3
BRDA:124,19,0,3
BRDA:124,19,1,3
BRDA:126,20,0,0
BRDA:126,20,1,0
BRDA:129,21,0,0
BRDA:129,21,1,0
BRDA:154,22,0,1
BRDA:154,22,1,2
BRDA:154,23,0,3
BRDA:154,23,1,3
BRDA:183,24,0,0
BRDA:183,24,1,3
BRDA:208,25,0,2
BRDA:208,25,1,1
BRDA:214,26,0,0
BRDA:214,26,1,0
BRDA:224,27,0,0
BRDA:224,27,1,2
BRDA:227,28,0,2
BRDA:227,28,1,0
BRDA:228,29,0,0
BRDA:228,29,1,2
BRDA:231,30,0,0
BRDA:231,30,1,2
BRDA:253,31,0,1
BRDA:253,31,1,0
BRDA:263,32,0,0
BRDA:263,32,1,2
BRDA:282,33,0,1
BRDA:282,33,1,0
BRF:72
BRH:34
end_of_record
TN:
SF:controllers/userController.js
FN:11,hashPassword
FN:17,comparePassword
FN:25,(anonymous_2)
FN:33,(anonymous_3)
FN:42,(anonymous_4)
FN:54,(anonymous_5)
FN:80,(anonymous_6)
FN:114,(anonymous_7)
FN:148,(anonymous_8)
FN:179,(anonymous_9)
FN:219,(anonymous_10)
FNF:11
FNH:9
FNDA:3,hashPassword
FNDA:2,comparePassword
FNDA:6,(anonymous_2)
FNDA:4,(anonymous_3)
FNDA:3,(anonymous_4)
FNDA:3,(anonymous_5)
FNDA:6,(anonymous_6)
FNDA:0,(anonymous_7)
FNDA:0,(anonymous_8)
FNDA:3,(anonymous_9)
FNDA:2,(anonymous_10)
DA:1,2
DA:2,2
DA:3,2
DA:4,2
DA:5,2
DA:6,2
DA:8,2
DA:12,3
DA:13,3
DA:14,3
DA:18,2
DA:19,2
DA:20,2
DA:21,2
DA:25,2
DA:26,6
DA:33,2
DA:34,4
DA:35,4
DA:36,4
DA:37,4
DA:42,2
DA:43,3
DA:44,3
DA:46,3
DA:47,0
DA:50,3
DA:51,3
DA:53,3
DA:54,3
DA:55,3
DA:69,2
DA:75,2
DA:77,2
DA:80,6
DA:90,2
DA:93,2
DA:95,2
DA:105,1
DA:106,1
DA:108,0
DA:114,2
DA:115,0
DA:117,0
DA:118,0
DA:121,0
DA:123,0
DA:142,0
DA:143,0
DA:144,0
DA:146,0
DA:148,0
DA:149,0
DA:150,0
DA:151,0
DA:155,0
DA:156,0
DA:160,0
DA:161,0
DA:167,0
DA:168,0
DA:171,0
DA:173,0
DA:179,2
DA:180,3
DA:182,3
DA:183,0
DA:186,3
DA:188,3
DA:190,3
DA:194,3
DA:195,1
DA:198,2
DA:199,2
DA:200,0
DA:203,2
DA:205,2
DA:213,0
DA:219,2
DA:220,2
DA:221,2
DA:226,2
LF:82
LH:56
BRDA:43,0,0,0
BRDA:43,0,1,3
BRDA:46,1,0,0
BRDA:46,1,1,3
BRDA:105,2,0,1
BRDA:105,2,1,0
BRDA:117,3,0,0
BRDA:117,3,1,0
BRDA:142,4,0,0
BRDA:142,4,1,0
BRDA:150,5,0,0
BRDA:150,5,1,0
BRDA:155,6,0,0
BRDA:155,6,1,0
BRDA:167,7,0,0
BRDA:167,7,1,0
BRDA:180,8,0,3
BRDA:180,8,1,0
BRDA:182,9,0,0
BRDA:182,9,1,3
BRDA:182,10,0,3
BRDA:182,10,1,3
BRDA:194,11,0,1
BRDA:194,11,1,2
BRDA:199,12,0,0
BRDA:199,12,1,2
BRF:26
BRH:10
end_of_record
TN:
SF:db/prisma.js
FNF:0
FNH:0
DA:1,3
DA:4,3
DA:5,0
DA:8,3
DA:11,3
DA:13,3
LF:6
LH:5
BRDA:4,0,0,0
BRDA:4,0,1,3
BRDA:4,1,0,3
BRDA:4,1,1,3
BRF:4
BRH:3
end_of_record
TN:
SF:middleware/error-handler.js
FN:3,(anonymous_0)
FNF:1
FNH:0
FNDA:0,(anonymous_0)
DA:3,1
DA:5,0
DA:6,0
DA:9,0
DA:10,0
DA:13,0
DA:14,0
DA:19,1
LF:8
LH:2
BRDA:5,0,0,0
BRDA:5,0,1,0
BRDA:9,1,0,0
BRDA:9,1,1,0
BRDA:9,2,0,0
BRDA:9,2,1,0
BRF:6
BRH:0
end_of_record
TN:
SF:middleware/jwtMiddleware.js
FN:4,(anonymous_0)
FN:10,(anonymous_1)
FN:15,(anonymous_2)
FNF:3
FNH:3
FNDA:4,(anonymous_0)
FNDA:7,(anonymous_1)
FNDA:5,(anonymous_2)
DA:1,2
DA:2,2
DA:4,2
DA:5,4
DA:10,2
DA:11,7
DA:12,7
DA:13,2
DA:15,5
DA:16,5
DA:17,1
DA:19,4
DA:20,4
DA:21,3
DA:22,3
DA:23,1
DA:26,3
LF:17
LH:17
BRDA:12,0,0,2
BRDA:12,0,1,5
BRDA:16,1,0,1
BRDA:16,1,1,4
BRDA:20,2,0,3
BRDA:20,2,1,1
BRDA:22,3,0,1
BRDA:22,3,1,2
BRDA:22,4,0,3
BRDA:22,4,1,3
BRF:10
BRH:10
end_of_record
TN:
SF:middleware/not-found.js
FN:1,(anonymous_0)
FNF:1
FNH:0
FNDA:0,(anonymous_0)
DA:1,1
DA:2,0
DA:5,1
LF:3
LH:2
BRF:0
BRH:0
end_of_record
TN:
SF:routes/analyticsRoutes.js
FNF:0
FNH:0
DA:1,1
DA:2,1
DA:8,1
DA:10,1
DA:11,1
DA:12,1
DA:14,1
LF:7
LH:7
BRF:0
BRH:0
end_of_record
TN:
SF:routes/taskRoutes.js
FNF:0
FNH:0
DA:1,1
DA:2,1
DA:10,1
DA:12,1
DA:13,1
DA:14,1
DA:15,1
DA:16,1
DA:17,1
DA:19,1
LF:10
LH:10
BRF:0
BRH:0
end_of_record
TN:
SF:routes/userRoutes.js
FNF:0
FNH:0
DA:1,1
DA:2,1
DA:3,1
DA:5,1
DA:7,1
DA:8,1
DA:9,1
DA:11,1
LF:8
LH:8
BRF:0
BRH:0
end_of_record
TN:
SF:test/waitForRouteHandlerCompletion.js
FN:1,(anonymous_0)
FN:3,(anonymous_1)
FN:4,(anonymous_2)
FN:8,(anonymous_3)
FNF:4
FNH:4
FNDA:22,(anonymous_0)
FNDA:22,(anonymous_1)
FNDA:4,(anonymous_2)
FNDA:18,(anonymous_3)
DA:1,2
DA:3,22
DA:4,22
DA:5,4
DA:6,1
DA:8,22
DA:9,18
DA:12,22
DA:13,22
DA:14,19
DA:16,2
LF:11
LH:11
BRDA:5,0,0,3
BRDA:5,0,1,1
BRF:2
BRH:2
end_of_record
TN:
SF:validation/taskSchema.js
FNF:0
FNH:0
DA:1,3
DA:4,3
DA:12,3
DA:23,3
LF:4
LH:4
BRF:0
BRH:0
end_of_record
TN:
SF:validation/userSchema.js
FNF:0
FNH:0
DA:1,3
DA:3,3
DA:11,3
LF:3
LH:3
BRF:0
BRH:0
end_of_record
